TN:
SF:src/index.ts
FN:20,ObfuscationError
FN:27,InvalidKeyError
FN:34,InvalidPayloadError
FN:50,ensureValidKey
FN:62,toBytes
FN:66,fromBytes
FN:70,toBase64Url
FN:80,fromBase64Url
FN:93,rotateRight
FN:97,sha256Transform
FN:153,sha256
FN:180,hmacSha256
FN:200,deriveKeystream
FN:218,xor
FN:230,uint8ArrayEquals
FN:244,computeTag
FN:248,encodePayload
FN:262,decodePayload
FN:302,obfuscate
FN:306,deobfuscate
FN:310,createObfuscator
FN:314,encode
FN:317,decode
FNF:23
FNH:23
FNDA:14,ObfuscationError
FNDA:6,InvalidKeyError
FNDA:7,InvalidPayloadError
FNDA:445,ensureValidKey
FNDA:1082,toBytes
FNDA:212,fromBytes
FNDA:219,toBase64Url
FNDA:215,fromBase64Url
FNDA:5607936,rotateRight
FNDA:9736,sha256Transform
FNDA:4542,sha256
FNDA:2271,hmacSha256
FNDA:431,deriveKeystream
FNDA:431,xor
FNDA:213,uint8ArrayEquals
FNDA:432,computeTag
FNDA:221,encodePayload
FNDA:222,decodePayload
FNDA:221,obfuscate
FNDA:222,deobfuscate
FNDA:2,createObfuscator
FNDA:2,encode
FNDA:2,decode
DA:1,1
DA:2,1
DA:3,1
DA:4,1
DA:5,1
DA:6,1
DA:7,1
DA:8,1
DA:9,1
DA:10,1
DA:11,1
DA:12,1
DA:13,1
DA:14,1
DA:15,1
DA:16,1
DA:17,1
DA:19,1
DA:20,1
DA:21,14
DA:22,14
DA:23,14
DA:24,1
DA:26,1
DA:27,1
DA:28,6
DA:29,6
DA:30,6
DA:31,1
DA:33,1
DA:34,1
DA:35,7
DA:36,7
DA:37,7
DA:38,1
DA:45,1
DA:46,1
DA:47,1
DA:48,1
DA:50,445
DA:51,445
DA:52,4
DA:53,4
DA:55,445
DA:56,1
DA:57,1
DA:59,440
DA:60,440
DA:62,1082
DA:63,1082
DA:64,1082
DA:66,212
DA:67,212
DA:68,212
DA:70,219
DA:71,219
DA:73,219
DA:74,32807
DA:75,219
DA:77,219
DA:78,219
DA:80,215
DA:81,215
DA:82,215
DA:83,215
DA:84,215
DA:86,215
DA:87,32574
DA:88,32574
DA:90,214
DA:91,214
DA:93,5607936
DA:94,5607936
DA:95,5607936
DA:97,9736
DA:98,9736
DA:100,9736
DA:101,155776
DA:102,155776
DA:103,155776
DA:104,155776
DA:105,155776
DA:106,155776
DA:107,155776
DA:108,155776
DA:110,9736
DA:111,467328
DA:112,467328
DA:113,467328
DA:114,467328
DA:116,9736
DA:117,9736
DA:118,9736
DA:119,9736
DA:120,9736
DA:121,9736
DA:122,9736
DA:123,9736
DA:125,9736
DA:126,623104
DA:127,623104
DA:128,623104
DA:129,623104
DA:130,623104
DA:131,623104
DA:133,623104
DA:134,623104
DA:135,623104
DA:136,623104
DA:137,623104
DA:138,623104
DA:139,623104
DA:140,623104
DA:141,623104
DA:143,9736
DA:144,9736
DA:145,9736
DA:146,9736
DA:147,9736
DA:148,9736
DA:149,9736
DA:150,9736
DA:151,9736
DA:153,4542
DA:154,4542
DA:155,4542
DA:156,4542
DA:158,4542
DA:159,4542
DA:161,4542
DA:162,4542
DA:163,4542
DA:164,4542
DA:166,4542
DA:167,9736
DA:168,9736
DA:170,4542
DA:171,4542
DA:173,4542
DA:174,36336
DA:175,36336
DA:177,4542
DA:178,4542
DA:180,2271
DA:181,2271
DA:182,2271
DA:183,2271
DA:184,2271
DA:186,2271
DA:187,2271
DA:189,2271
DA:190,145344
DA:191,145344
DA:192,145344
DA:194,2271
DA:195,2271
DA:197,2271
DA:198,2271
DA:200,431
DA:201,431
DA:202,431
DA:203,431
DA:204,431
DA:206,431
DA:207,1839
DA:208,1839
DA:209,1839
DA:210,1839
DA:211,1839
DA:212,1839
DA:213,1839
DA:215,431
DA:216,431
DA:218,431
DA:219,431
DA:221,431
DA:222,51544
DA:223,51544
DA:224,51544
DA:225,51544
DA:227,431
DA:228,431
DA:230,213
DA:231,213
DA:232,0
DA:233,0
DA:235,213
DA:236,6785
DA:237,1
DA:238,1
DA:239,6785
DA:241,212
DA:242,212
DA:244,432
DA:245,432
DA:246,432
DA:248,221
DA:249,221
DA:250,221
DA:251,221
DA:252,221
DA:253,221
DA:254,221
DA:256,221
DA:257,221
DA:259,221
DA:260,221
DA:262,222
DA:263,222
DA:265,222
DA:266,1
DA:267,1
DA:269,219
DA:271,222
DA:272,4
DA:273,4
DA:275,215
DA:277,215
DA:278,215
DA:279,222
DA:280,1
DA:281,1
DA:283,222
DA:284,1
DA:285,1
DA:287,213
DA:288,213
DA:289,213
DA:290,213
DA:292,222
DA:293,1
DA:294,1
DA:296,212
DA:297,212
DA:299,212
DA:300,212
DA:302,1
DA:303,221
DA:304,221
DA:306,1
DA:307,222
DA:308,222
DA:310,1
DA:311,2
DA:313,2
DA:314,2
DA:315,2
DA:316,2
DA:317,2
DA:318,2
DA:319,2
DA:320,2
DA:321,2
LF:253
LH:251
BRDA:20,0,0,14
BRDA:27,1,0,6
BRDA:34,2,0,7
BRDA:50,3,0,445
BRDA:51,4,0,442
BRDA:51,5,0,4
BRDA:53,6,0,441
BRDA:55,7,0,1
BRDA:57,8,0,440
BRDA:62,9,0,1082
BRDA:66,10,0,212
BRDA:70,11,0,219
BRDA:73,12,0,32807
BRDA:80,13,0,215
BRDA:86,14,0,32574
BRDA:88,15,0,214
BRDA:93,16,0,5607936
BRDA:97,17,0,9736
BRDA:100,18,0,155776
BRDA:110,19,0,467328
BRDA:125,20,0,623104
BRDA:153,21,0,4542
BRDA:166,22,0,9736
BRDA:173,23,0,36336
BRDA:180,24,0,2271
BRDA:182,25,0,0
BRDA:189,26,0,145344
BRDA:200,27,0,431
BRDA:206,28,0,1839
BRDA:218,29,0,431
BRDA:221,30,0,51544
BRDA:222,31,0,0
BRDA:222,32,0,0
BRDA:223,33,0,0
BRDA:223,34,0,0
BRDA:230,35,0,213
BRDA:231,36,0,0
BRDA:235,37,0,6785
BRDA:236,38,0,1
BRDA:239,39,0,212
BRDA:244,40,0,432
BRDA:248,41,0,221
BRDA:262,42,0,222
BRDA:265,43,0,220
BRDA:265,44,0,1
BRDA:267,45,0,219
BRDA:271,46,0,217
BRDA:271,47,0,216
BRDA:271,48,0,4
BRDA:273,49,0,215
BRDA:279,50,0,1
BRDA:281,51,0,214
BRDA:283,52,0,1
BRDA:285,53,0,213
BRDA:292,54,0,1
BRDA:294,55,0,212
BRDA:302,56,0,221
BRDA:306,57,0,222
BRDA:310,58,0,2
BRDA:314,59,0,2
BRDA:317,60,0,2
BRF:61
BRH:55
end_of_record
